error: Error getting all documents {"timestamp":"2024-10-15T12:34:54.001Z"}
error: Error getting all documents {"timestamp":"2024-10-15T12:37:40.987Z"}
error: Error saving form {"timestamp":"2024-10-15T12:52:25.421Z"}
error: Error deleting everything {"timestamp":"2024-10-15T13:10:19.222Z"}
error: Error deleting everything {"timestamp":"2024-10-15T13:10:33.002Z"}
error: Error sending email Invalid login: 535 5.7.139 Authentication unsuccessful, basic authentication is disabled. [SCYPR80CA0016.lamprd80.prod.outlook.com 2024-10-15T18:05:21.163Z 08DCECD67AC621FC] {"timestamp":"2024-10-15T18:05:21.212Z"}
error: Error sending email Invalid login: 535 5.7.139 Authentication unsuccessful, basic authentication is disabled. [SCZP215CA0024.LAMP215.PROD.OUTLOOK.COM 2024-10-15T18:40:58.013Z 08DCECA1CDF28961] {"timestamp":"2024-10-15T18:40:58.070Z"}
error: Error sending email Invalid login: 535 5.7.139 Authentication unsuccessful, basic authentication is disabled. [SCYPR80CA0026.lamprd80.prod.outlook.com 2024-10-16T13:22:29.302Z 08DCEDC91D26D018] {"timestamp":"2024-10-16T13:22:29.933Z"}
error: Error sending email Invalid login: 535 5.7.139 Authentication unsuccessful, basic authentication is disabled. [SCZPR80CA0013.lamprd80.prod.outlook.com 2024-10-16T13:23:34.251Z 08DCED8803C15DAC] {"timestamp":"2024-10-16T13:23:34.884Z"}
error: Error sending email Invalid login: 535 5.7.139 Authentication unsuccessful, basic authentication is disabled. [SCZP152CA0029.LAMP152.PROD.OUTLOOK.COM 2024-10-16T13:25:19.213Z 08DCEDB4266F3B7C] {"timestamp":"2024-10-16T13:25:19.841Z"}
error: Error with the email transporter: Invalid login: 535 5.7.139 Authentication unsuccessful, basic authentication is disabled. [SCZP215CA0026.LAMP215.PROD.OUTLOOK.COM 2024-10-16T14:32:06.730Z 08DCED8268FE45A0] {"timestamp":"2024-10-16T14:32:07.372Z"}
error: Error with the email transporter: Invalid login: 535 5.7.139 Authentication unsuccessful, basic authentication is disabled. [SCZPR80CA0003.lamprd80.prod.outlook.com 2024-10-16T14:33:13.039Z 08DCEDDB0EEF7C26] {"timestamp":"2024-10-16T14:33:13.678Z"}
error: Error with the email transporter: Invalid login: 535 5.7.139 Authentication unsuccessful, basic authentication is disabled. [SCYPR80CA0016.lamprd80.prod.outlook.com 2024-10-16T14:38:43.220Z 08DCECD67ACA99F7] {"timestamp":"2024-10-16T14:38:43.861Z"}
error: Error with the email transporter: Invalid login: 535 5.7.139 Authentication unsuccessful, basic authentication is disabled. [SCYPR80CA0015.lamprd80.prod.outlook.com 2024-10-16T14:40:54.212Z 08DCED79B9D60BDD] {"timestamp":"2024-10-16T14:40:54.859Z"}
error: Error sending email Invalid login: 535 5.7.139 Authentication unsuccessful, basic authentication is disabled. [SCZP215CA0017.LAMP215.PROD.OUTLOOK.COM 2024-10-16T14:41:16.800Z 08DCED9BA957EFB5] {"timestamp":"2024-10-16T14:41:17.441Z"}
error: Error with the email transporter: Invalid login: 535 5.7.139 Authentication unsuccessful, basic authentication is disabled. [SCYPR80CA0006.lamprd80.prod.outlook.com 2024-10-16T14:43:13.824Z 08DCED9F29F5F5D6] {"timestamp":"2024-10-16T14:43:14.466Z"}
error: Error with the email transporter: Invalid login: 535 5.7.139 Authentication unsuccessful, basic authentication is disabled. [SCZP152CA0028.LAMP152.PROD.OUTLOOK.COM 2024-10-16T14:46:14.508Z 08DCEDA3EF739404] {"timestamp":"2024-10-16T14:46:15.152Z"}
error: Error sending email Invalid login: 535 5.7.139 Authentication unsuccessful, basic authentication is disabled. [SCYP152CA0017.LAMP152.PROD.OUTLOOK.COM 2024-10-16T14:46:30.639Z 08DCEDBBD71BB734] {"timestamp":"2024-10-16T14:46:31.280Z"}
error: Error sending email Invalid login: 535 5.7.139 Authentication unsuccessful, basic authentication is disabled. [SCZP215CA0011.LAMP215.PROD.OUTLOOK.COM 2024-10-16T14:47:39.581Z 08DCED66D8F62D60] {"timestamp":"2024-10-16T14:47:40.224Z"}
error: Error sending email Invalid login: 535 5.7.139 Authentication unsuccessful, basic authentication is disabled. [SCZPR80CA0001.lamprd80.prod.outlook.com 2024-10-16T14:49:01.824Z 08DCED9C1B45BFBC] {"timestamp":"2024-10-16T14:49:02.467Z"}
error: Error with the email transporter: Invalid login: 535 5.7.139 Authentication unsuccessful, basic authentication is disabled. [SCZP215CA0012.LAMP215.PROD.OUTLOOK.COM 2024-10-16T14:54:46.953Z 08DCED7C2FC1795B] {"timestamp":"2024-10-16T14:54:47.598Z"}
error: Error with the email transporter: Invalid login: 535 5.7.139 Authentication unsuccessful, basic authentication is disabled. [CPYP284CA0028.BRAP284.PROD.OUTLOOK.COM 2024-10-17T13:07:16.810Z 08DCEE6F4E9B1B63] {"timestamp":"2024-10-17T13:07:18.025Z"}
error: Error with the email transporter: Invalid login: 535 5.7.139 Authentication unsuccessful, basic authentication is disabled. [CP5P284CA0230.BRAP284.PROD.OUTLOOK.COM 2024-10-17T13:15:12.662Z 08DCEE2F97886F01] {"timestamp":"2024-10-17T13:15:13.856Z"}
error: Error with the email transporter: Invalid login: 535 5.7.139 Authentication unsuccessful, basic authentication is disabled. [CP3P284CA0110.BRAP284.PROD.OUTLOOK.COM 2024-10-17T17:57:29.499Z 08DCEED522752A75] {"timestamp":"2024-10-17T17:57:29.585Z"}
error: Error with the email transporter: Invalid login: 535 5.7.139 Authentication unsuccessful, basic authentication is disabled. [CP5P284CA0059.BRAP284.PROD.OUTLOOK.COM 2024-10-17T17:58:50.240Z 08DCEE614BCE79D9] {"timestamp":"2024-10-17T17:58:50.313Z"}
error: Error sending email Invalid login: 535 5.7.139 Authentication unsuccessful, basic authentication is disabled. [CP4P284CA0025.BRAP284.PROD.OUTLOOK.COM 2024-10-17T17:58:57.894Z 08DCEEBBE9094303] {"timestamp":"2024-10-17T17:58:57.967Z"}
error: Error with the email transporter: Invalid login: 535 5.7.139 Authentication unsuccessful, basic authentication is disabled. [CP5P284CA0145.BRAP284.PROD.OUTLOOK.COM 2024-10-17T18:00:19.821Z 08DCEE7C5233C3EC] {"timestamp":"2024-10-17T18:00:19.894Z"}
error: Error sending email Invalid login: 535 5.7.139 Authentication unsuccessful, basic authentication is disabled. [CP6P284CA0059.BRAP284.PROD.OUTLOOK.COM 2024-10-17T18:00:38.550Z 08DCEE5726BE05F4] {"timestamp":"2024-10-17T18:00:38.624Z"}
error: Error with the email transporter: Invalid login: 535 5.7.139 Authentication unsuccessful, basic authentication is disabled. [CPYP284CA0043.BRAP284.PROD.OUTLOOK.COM 2024-10-17T18:01:57.702Z 08DCEDAA034F6634] {"timestamp":"2024-10-17T18:01:57.778Z"}
error: Error sending email Invalid login: 535 5.7.139 Authentication unsuccessful, basic authentication is disabled. [CP5P284CA0281.BRAP284.PROD.OUTLOOK.COM 2024-10-17T18:02:03.629Z 08DCEE8E6E09D56B] {"timestamp":"2024-10-17T18:02:03.708Z"}
error: Error with the email transporter: Invalid login: 535 5.7.139 Authentication unsuccessful, basic authentication is disabled. [CP2PR80CA0261.lamprd80.prod.outlook.com 2024-10-17T18:02:55.100Z 08DCEEA1F82D825A] {"timestamp":"2024-10-17T18:02:55.172Z"}
error: Error sending email Invalid login: 535 5.7.139 Authentication unsuccessful, basic authentication is disabled. [CP6P284CA0089.BRAP284.PROD.OUTLOOK.COM 2024-10-17T18:03:02.522Z 08DCEE64581894E3] {"timestamp":"2024-10-17T18:03:02.596Z"}
error: Error with the email transporter: Invalid login: 535 5.7.139 Authentication unsuccessful, basic authentication is disabled. [CP5P284CA0263.BRAP284.PROD.OUTLOOK.COM 2024-10-17T18:04:08.776Z 08DCEE744E120C8E] {"timestamp":"2024-10-17T18:04:08.851Z"}
error: Error sending email Invalid login: 535 5.7.139 Authentication unsuccessful, basic authentication is disabled. [CP5P284CA0115.BRAP284.PROD.OUTLOOK.COM 2024-10-17T18:04:24.572Z 08DCEE568A0185A1] {"timestamp":"2024-10-17T18:04:24.644Z"}
error: Error with the email transporter: Invalid login: 535 5.7.139 Authentication unsuccessful, basic authentication is disabled. [CP6P284CA0052.BRAP284.PROD.OUTLOOK.COM 2024-10-17T18:07:07.495Z 08DCEE857E248123] {"timestamp":"2024-10-17T18:07:07.576Z"}
error: Error sending email Invalid login: 535 5.7.139 Authentication unsuccessful, basic authentication is disabled. [CPYP284CA0056.BRAP284.PROD.OUTLOOK.COM 2024-10-17T18:07:29.959Z 08DCEE8365DDCF5E] {"timestamp":"2024-10-17T18:07:30.034Z"}
error: Error with the email transporter: Invalid login: 535 5.7.139 Authentication unsuccessful, basic authentication is disabled. [CP5P284CA0236.BRAP284.PROD.OUTLOOK.COM 2024-10-17T18:09:24.338Z 08DCEECAC1B91035] {"timestamp":"2024-10-17T18:09:24.419Z"}
error: Error sending email Invalid login: 535 5.7.139 Authentication unsuccessful, basic authentication is disabled. [CPYP284CA0069.BRAP284.PROD.OUTLOOK.COM 2024-10-17T18:09:29.610Z 08DCEE0CF4A939A1] {"timestamp":"2024-10-17T18:09:29.695Z"}
error: Error with the email transporter: Invalid login: 535 5.7.139 Authentication unsuccessful, basic authentication is disabled. [CP5P284CA0081.BRAP284.PROD.OUTLOOK.COM 2024-10-17T18:09:55.691Z 08DCEDB4CDDCC95C] {"timestamp":"2024-10-17T18:09:55.772Z"}
error: Error sending email Invalid login: 535 5.7.139 Authentication unsuccessful, basic authentication is disabled. [CP3P284CA0029.BRAP284.PROD.OUTLOOK.COM 2024-10-17T18:09:59.459Z 08DCEE5625615CF1] {"timestamp":"2024-10-17T18:09:59.532Z"}
error: Error with the email transporter: Invalid login: 535 5.7.139 Authentication unsuccessful, basic authentication is disabled. [CP6P284CA0008.BRAP284.PROD.OUTLOOK.COM 2024-10-17T18:10:12.004Z 08DCEEA84AC8A514] {"timestamp":"2024-10-17T18:10:12.085Z"}
error: Error with the email transporter: Invalid login: 535 5.7.139 Authentication unsuccessful, basic authentication is disabled. [CP2PR80CA0252.lamprd80.prod.outlook.com 2024-10-17T18:10:24.447Z 08DCEE338B7AB7AB] {"timestamp":"2024-10-17T18:10:24.520Z"}
error: Error with the email transporter: Invalid login: 535 5.7.139 Authentication unsuccessful, basic authentication is disabled. [CP2PR80CA0247.lamprd80.prod.outlook.com 2024-10-17T18:11:12.488Z 08DCEE407882B39F] {"timestamp":"2024-10-17T18:11:12.565Z"}
error: Error sending email Invalid login: 535 5.7.139 Authentication unsuccessful, basic authentication is disabled. [CP5P284CA0025.BRAP284.PROD.OUTLOOK.COM 2024-10-17T18:11:45.565Z 08DCEE967408BE93] {"timestamp":"2024-10-17T18:11:45.641Z"}
error: Error sending email Invalid login: 535 5.7.139 Authentication unsuccessful, basic authentication is disabled. [CP3P284CA0105.BRAP284.PROD.OUTLOOK.COM 2024-10-17T18:14:18.832Z 08DCEE330E5139CA] {"timestamp":"2024-10-17T18:14:18.909Z"}
error: Error with the email transporter: Invalid login: 535 5.7.139 Authentication unsuccessful, basic authentication is disabled. [CPYP284CA0051.BRAP284.PROD.OUTLOOK.COM 2024-10-17T18:15:28.353Z 08DCEE5EDA6A3894] {"timestamp":"2024-10-17T18:15:28.431Z"}
error: Error sending email Invalid login: 535 5.7.139 Authentication unsuccessful, basic authentication is disabled. [CP5P284CA0204.BRAP284.PROD.OUTLOOK.COM 2024-10-17T18:15:32.384Z 08DCEE94A20B61EF] {"timestamp":"2024-10-17T18:15:32.459Z"}
error: Error with the email transporter: Invalid login: 535 5.7.139 Authentication unsuccessful, basic authentication is disabled. [CP3P284CA0112.BRAP284.PROD.OUTLOOK.COM 2024-10-17T18:17:05.063Z 08DCEEAF9DB2F049] {"timestamp":"2024-10-17T18:17:05.137Z"}
error: Error sending email Invalid login: 535 5.7.139 Authentication unsuccessful, basic authentication is disabled. [CP2PR80CA0252.lamprd80.prod.outlook.com 2024-10-17T18:17:15.522Z 08DCEE338B7ABDDE] {"timestamp":"2024-10-17T18:17:15.596Z"}
error: Error sending email Invalid login: 535 5.7.139 Authentication unsuccessful, basic authentication is disabled. [CP3P284CA0035.BRAP284.PROD.OUTLOOK.COM 2024-10-17T18:17:27.229Z 08DCEE5CC3D05CA3] {"timestamp":"2024-10-17T18:17:27.305Z"}
error: Error sending email Invalid login: 535 5.7.139 Authentication unsuccessful, basic authentication is disabled. [CP3P284CA0077.BRAP284.PROD.OUTLOOK.COM 2024-10-17T18:17:55.677Z 08DCED73E9D95B85] {"timestamp":"2024-10-17T18:17:55.761Z"}
error: Error with the email transporter: Invalid login: 535 5.7.139 Authentication unsuccessful, basic authentication is disabled. [CP6P284CA0065.BRAP284.PROD.OUTLOOK.COM 2024-10-17T18:19:36.041Z 08DCEE57226E7C00] {"timestamp":"2024-10-17T18:19:36.118Z"}
error: Error sending email Invalid login: 535 5.7.139 Authentication unsuccessful, basic authentication is disabled. [CP5P284CA0225.BRAP284.PROD.OUTLOOK.COM 2024-10-17T18:19:40.496Z 08DCEDA8CA8B9034] {"timestamp":"2024-10-17T18:19:40.570Z"}
error: Error sending email Invalid login: 535 5.7.139 Authentication unsuccessful, basic authentication is disabled. [CP6P284CA0046.BRAP284.PROD.OUTLOOK.COM 2024-10-17T18:20:46.176Z 08DCEEA7D625287D] {"timestamp":"2024-10-17T18:20:46.256Z"}
error: Error with the email transporter: Invalid login: 535 5.7.139 Authentication unsuccessful, basic authentication is disabled. [CP6P284CA0052.BRAP284.PROD.OUTLOOK.COM 2024-10-17T18:33:41.394Z 08DCEE857E24A909] {"timestamp":"2024-10-17T18:33:41.472Z"}
error: Error sending email Invalid login: 535 5.7.139 Authentication unsuccessful, basic authentication is disabled. [CP3P284CA0148.BRAP284.PROD.OUTLOOK.COM 2024-10-17T18:33:46.434Z 08DCEE77E6013A63] {"timestamp":"2024-10-17T18:33:46.518Z"}
error: Error with the email transporter: Invalid login: 535 5.7.139 Authentication unsuccessful, basic authentication is disabled. [CP5P284CA0193.BRAP284.PROD.OUTLOOK.COM 2024-10-17T18:34:18.586Z 08DCEE77D46C2E85] {"timestamp":"2024-10-17T18:34:18.667Z"}
error: Error with the email transporter: Invalid login: 535 5.7.139 Authentication unsuccessful, basic authentication is disabled. [CP5P284CA0230.BRAP284.PROD.OUTLOOK.COM 2024-10-17T18:34:33.248Z 08DCEE2F978A32C9] {"timestamp":"2024-10-17T18:34:33.327Z"}
error: Error with the email transporter: Invalid login: 535 5.7.139 Authentication unsuccessful, basic authentication is disabled. [CP3P284CA0043.BRAP284.PROD.OUTLOOK.COM 2024-10-17T18:34:45.370Z 08DCEE8B4B16F90B] {"timestamp":"2024-10-17T18:34:45.450Z"}
error: Error with the email transporter: Invalid login: 535 5.7.139 Authentication unsuccessful, basic authentication is disabled. [CP5P284CA0149.BRAP284.PROD.OUTLOOK.COM 2024-10-17T18:35:48.295Z 08DCEE5809097665] {"timestamp":"2024-10-17T18:35:48.378Z"}
error: Error sending email Invalid login: 535 5.7.139 Authentication unsuccessful, basic authentication is disabled. [CP3P284CA0101.BRAP284.PROD.OUTLOOK.COM 2024-10-17T18:41:05.729Z 08DCEDAE14BAC6D5] {"timestamp":"2024-10-17T18:41:05.819Z"}
