error: Error sending email: Missing credentials for "PLAIN" {"timestamp":"2026-01-20T23:09:29.168Z"}
error: Error in API Route: Error sending email {"timestamp":"2026-01-20T23:09:29.170Z"}
error: Error sending email: Missing credentials for "PLAIN" {"timestamp":"2026-01-20T23:09:41.791Z"}
error: Error in API Route: Error sending email {"timestamp":"2026-01-20T23:09:41.792Z"}
error: Error trying to verify SMTP {"timestamp":"2026-01-20T23:27:35.892Z"}
error: Error sending email: Missing credentials for "PLAIN" {"timestamp":"2026-01-20T23:29:55.931Z"}
error: Error in API Route: Error sending email {"timestamp":"2026-01-20T23:29:55.932Z"}
error: Credenciales de email no configuradas. Por favor, configura NODEMAILER_EMAIL y NODEMAILER_PASSWORD en tu archivo .env.local {"timestamp":"2026-01-20T23:30:27.923Z"}
error: Error in API Route: Credenciales de email no configuradas. Por favor, configura NODEMAILER_EMAIL y NODEMAILER_PASSWORD en tu archivo .env.local {"timestamp":"2026-01-20T23:30:27.924Z"}
error: Credenciales de email no configuradas. Por favor, configura NODEMAILER_EMAIL y NODEMAILER_PASSWORD en tu archivo .env.local {"timestamp":"2026-01-20T23:30:57.450Z"}
error: Error in API Route: Credenciales de email no configuradas. Por favor, configura NODEMAILER_EMAIL y NODEMAILER_PASSWORD en tu archivo .env.local {"timestamp":"2026-01-20T23:30:57.451Z"}
error: Credenciales de email no configuradas. Por favor, configura NODEMAILER_EMAIL y NODEMAILER_PASSWORD en tu archivo .env.local {"timestamp":"2026-01-20T23:32:09.829Z"}
error: Error in API Route: Credenciales de email no configuradas. Por favor, configura NODEMAILER_EMAIL y NODEMAILER_PASSWORD en tu archivo .env.local {"timestamp":"2026-01-20T23:32:09.829Z"}
error: Error sending email: NODEMAILER_EMAIL y NODEMAILER_PASSWORD deben estar configuradas en .env.local {"timestamp":"2026-01-20T23:33:03.559Z"}
error: Error in API Route: Error sending email: NODEMAILER_EMAIL y NODEMAILER_PASSWORD deben estar configuradas en .env.local {"timestamp":"2026-01-20T23:33:03.559Z"}
error: NODEMAILER_EMAIL or NODEMAILER_PASSWORD not set in environment variables {"timestamp":"2026-01-20T23:37:40.224Z"}
error: Error sending email: Missing credentials for "PLAIN" {"timestamp":"2026-01-20T23:37:40.903Z"}
error: Error in API Route: Error sending email {"timestamp":"2026-01-20T23:37:40.903Z"}
error: NODEMAILER_EMAIL or NODEMAILER_PASSWORD not set in environment variables {"timestamp":"2026-01-20T23:38:25.352Z"}
error: Error sending email: Missing credentials for "PLAIN" {"timestamp":"2026-01-20T23:38:25.997Z"}
error: Error in API Route: Error sending email {"timestamp":"2026-01-20T23:38:25.998Z"}
